Determining if the C compiler works failed with the following output:
Change Dir: F:/Note/algorithms-from-zero/2.线性表/Code/cmake-build-debug/CMakeFiles/CMakeTmp

Run Build Command(s):C:/PROGRA~1/mingw64/bin/mingw32-make.exe cmTC_3a1c4/fast && C:/PROGRA~1/mingw64/bin/mingw32-make.exe  -f CMakeFiles\cmTC_3a1c4.dir\build.make CMakeFiles/cmTC_3a1c4.dir/build
mingw32-make.exe[1]: Entering directory 'F:/Note/algorithms-from-zero/2.线性表/Code/cmake-build-debug/CMakeFiles/CMakeTmp'
Building C object CMakeFiles/cmTC_3a1c4.dir/testCCompiler.c.obj
C:\PROGRA~1\mingw64\bin\gcc.exe    -o CMakeFiles\cmTC_3a1c4.dir\testCCompiler.c.obj   -c F:\Note\algorithms-from-zero\2.绾挎€ц〃\Code\cmake-build-debug\CMakeFiles\CMakeTmp\testCCompiler.c
gcc.exe: error: F:\Note\algorithms-from-zero\2.绾挎€ц〃\Code\cmake-build-debug\CMakeFiles\CMakeTmp\testCCompiler.c: No such file or directory
gcc.exe: fatal error: no input files
compilation terminated.
mingw32-make.exe[1]: *** [CMakeFiles\cmTC_3a1c4.dir\build.make:85: CMakeFiles/cmTC_3a1c4.dir/testCCompiler.c.obj] Error 1
mingw32-make.exe[1]: Leaving directory 'F:/Note/algorithms-from-zero/2.线性表/Code/cmake-build-debug/CMakeFiles/CMakeTmp'
mingw32-make.exe: *** [Makefile:140: cmTC_3a1c4/fast] Error 2



Determining if the C compiler works failed with the following output:
Change Dir: F:/Note/algorithms-from-zero/2.线性表/Code/cmake-build-debug/CMakeFiles/CMakeTmp

Run Build Command(s):C:/PROGRA~1/mingw64/bin/mingw32-make.exe cmTC_6283c/fast && C:/PROGRA~1/mingw64/bin/mingw32-make.exe  -f CMakeFiles\cmTC_6283c.dir\build.make CMakeFiles/cmTC_6283c.dir/build
mingw32-make.exe[1]: Entering directory 'F:/Note/algorithms-from-zero/2.线性表/Code/cmake-build-debug/CMakeFiles/CMakeTmp'
Building C object CMakeFiles/cmTC_6283c.dir/testCCompiler.c.obj
C:\PROGRA~1\mingw64\bin\gcc.exe    -o CMakeFiles\cmTC_6283c.dir\testCCompiler.c.obj   -c F:\Note\algorithms-from-zero\2.绾挎€ц〃\Code\cmake-build-debug\CMakeFiles\CMakeTmp\testCCompiler.c
gcc.exe: error: F:\Note\algorithms-from-zero\2.绾挎€ц〃\Code\cmake-build-debug\CMakeFiles\CMakeTmp\testCCompiler.c: No such file or directory
gcc.exe: fatal error: no input files
compilation terminated.
mingw32-make.exe[1]: *** [CMakeFiles\cmTC_6283c.dir\build.make:85: CMakeFiles/cmTC_6283c.dir/testCCompiler.c.obj] Error 1
mingw32-make.exe[1]: Leaving directory 'F:/Note/algorithms-from-zero/2.线性表/Code/cmake-build-debug/CMakeFiles/CMakeTmp'
mingw32-make.exe: *** [Makefile:140: cmTC_6283c/fast] Error 2



